The system is: Linux - 3.10.0-957.el7.x86_64 - x86_64
Compiling the C compiler identification source file "CMakeCCompilerId.c" succeeded.
Compiler: /home/zhy/opengauss/openGauss-Scale/openGauss-third_party_binarylibs_Centos7.6_x86_64/buildtools/gcc10.3/gcc/bin/gcc 
Build flags: 
Id flags:  

The output was:
0


Compilation of the C compiler identification source "CMakeCCompilerId.c" produced "a.out"

The C compiler identification is GNU, found in "/home/zhy/opengauss/tools/train/c++/build/CMakeFiles/3.17.5/CompilerIdC/a.out"

Compiling the CXX compiler identification source file "CMakeCXXCompilerId.cpp" succeeded.
Compiler: /home/zhy/opengauss/openGauss-Scale/openGauss-third_party_binarylibs_Centos7.6_x86_64/buildtools/gcc10.3/gcc/bin/g++ 
Build flags: 
Id flags:  

The output was:
0


Compilation of the CXX compiler identification source "CMakeCXXCompilerId.cpp" produced "a.out"

The CXX compiler identification is GNU, found in "/home/zhy/opengauss/tools/train/c++/build/CMakeFiles/3.17.5/CompilerIdCXX/a.out"

Determining if the C compiler works passed with the following output:
Change Dir: /home/zhy/opengauss/tools/train/c++/build/CMakeFiles/CMakeTmp

Run Build Command(s):/usr/bin/gmake cmTC_2a13c/fast && /usr/bin/gmake  -f CMakeFiles/cmTC_2a13c.dir/build.make CMakeFiles/cmTC_2a13c.dir/build
gmake[1]: 进入目录“/home/zhy/opengauss/tools/train/c++/build/CMakeFiles/CMakeTmp”
Building C object CMakeFiles/cmTC_2a13c.dir/testCCompiler.c.o
/home/zhy/opengauss/openGauss-Scale/openGauss-third_party_binarylibs_Centos7.6_x86_64/buildtools/gcc10.3/gcc/bin/gcc    -o CMakeFiles/cmTC_2a13c.dir/testCCompiler.c.o   -c /home/zhy/opengauss/tools/train/c++/build/CMakeFiles/CMakeTmp/testCCompiler.c
Linking C executable cmTC_2a13c
/usr/bin/cmake3 -E cmake_link_script CMakeFiles/cmTC_2a13c.dir/link.txt --verbose=1
/home/zhy/opengauss/openGauss-Scale/openGauss-third_party_binarylibs_Centos7.6_x86_64/buildtools/gcc10.3/gcc/bin/gcc      CMakeFiles/cmTC_2a13c.dir/testCCompiler.c.o  -o cmTC_2a13c 
gmake[1]: 离开目录“/home/zhy/opengauss/tools/train/c++/build/CMakeFiles/CMakeTmp”



Detecting C compiler ABI info compiled with the following output:
Change Dir: /home/zhy/opengauss/tools/train/c++/build/CMakeFiles/CMakeTmp

Run Build Command(s):/usr/bin/gmake cmTC_7b590/fast && /usr/bin/gmake  -f CMakeFiles/cmTC_7b590.dir/build.make CMakeFiles/cmTC_7b590.dir/build
gmake[1]: Entering directory `/home/zhy/opengauss/tools/train/c++/build/CMakeFiles/CMakeTmp'
Building C object CMakeFiles/cmTC_7b590.dir/CMakeCCompilerABI.c.o
/home/zhy/opengauss/openGauss-Scale/openGauss-third_party_binarylibs_Centos7.6_x86_64/buildtools/gcc10.3/gcc/bin/gcc   -v -o CMakeFiles/cmTC_7b590.dir/CMakeCCompilerABI.c.o   -c /usr/share/cmake3/Modules/CMakeCCompilerABI.c
Using built-in specs.
COLLECT_GCC=/home/zhy/opengauss/openGauss-Scale/openGauss-third_party_binarylibs_Centos7.6_x86_64/buildtools/gcc10.3/gcc/bin/gcc
Target: x86_64-pc-linux-gnu
Configured with: ./configure CFLAGS='-fstack-protector-strong -Wl,-z,noexecstack -Wl,-z,relro,-z,now' --prefix=/data/autobuild/gcc10.3/gcc --with-gmp=/data/autobuild/gcc10.3/gmp --with-mpfr=/data/autobuild/gcc10.3/mpfr --with-mpc=/data/autobuild/gcc10.3/mpc --with-isl=/data/autobuild/gcc10.3/isl --disable-multilib --enable-languages=c,c++ --without-zstd
Thread model: posix
Supported LTO compression algorithms: zlib
gcc version 10.3.0 (GCC) 
COLLECT_GCC_OPTIONS='-v' '-o' 'CMakeFiles/cmTC_7b590.dir/CMakeCCompilerABI.c.o' '-c' '-mtune=generic' '-march=x86-64'
 /home/zhy/opengauss/openGauss-Scale/openGauss-third_party_binarylibs_Centos7.6_x86_64/buildtools/gcc10.3/gcc/bin/../libexec/gcc/x86_64-pc-linux-gnu/10.3.0/cc1 -quiet -v -iprefix /home/zhy/opengauss/openGauss-Scale/openGauss-third_party_binarylibs_Centos7.6_x86_64/buildtools/gcc10.3/gcc/bin/../lib/gcc/x86_64-pc-linux-gnu/10.3.0/ /usr/share/cmake3/Modules/CMakeCCompilerABI.c -quiet -dumpbase CMakeCCompilerABI.c -mtune=generic -march=x86-64 -auxbase-strip CMakeFiles/cmTC_7b590.dir/CMakeCCompilerABI.c.o -version -o /tmp/ccUEcE1G.s
GNU C17 (GCC) version 10.3.0 (x86_64-pc-linux-gnu)
	compiled by GNU C version 10.3.0, GMP version 6.1.0, MPFR version 3.1.4, MPC version 1.0.3, isl version isl-0.18-GMP

GGC heuristics: --param ggc-min-expand=100 --param ggc-min-heapsize=131072
ignoring nonexistent directory "/home/zhy/opengauss/openGauss-Scale/openGauss-third_party_binarylibs_Centos7.6_x86_64/buildtools/gcc10.3/gcc/bin/../lib/gcc/x86_64-pc-linux-gnu/10.3.0/../../../../x86_64-pc-linux-gnu/include"
ignoring duplicate directory "/home/zhy/opengauss/openGauss-Scale/openGauss-third_party_binarylibs_Centos7.6_x86_64/buildtools/gcc10.3/gcc/bin/../lib/gcc/../../lib/gcc/x86_64-pc-linux-gnu/10.3.0/include"
ignoring duplicate directory "/home/zhy/opengauss/openGauss-Scale/openGauss-third_party_binarylibs_Centos7.6_x86_64/buildtools/gcc10.3/gcc/bin/../lib/gcc/../../lib/gcc/x86_64-pc-linux-gnu/10.3.0/include-fixed"
ignoring nonexistent directory "/home/zhy/opengauss/openGauss-Scale/openGauss-third_party_binarylibs_Centos7.6_x86_64/buildtools/gcc10.3/gcc/bin/../lib/gcc/../../lib/gcc/x86_64-pc-linux-gnu/10.3.0/../../../../x86_64-pc-linux-gnu/include"
#include "..." search starts here:
#include <...> search starts here:
 /home/zhy/opengauss/openGauss-Scale/openGauss-third_party_binarylibs_Centos7.6_x86_64/buildtools/gcc10.3/gcc/bin/../lib/gcc/x86_64-pc-linux-gnu/10.3.0/include
 /home/zhy/opengauss/openGauss-Scale/openGauss-third_party_binarylibs_Centos7.6_x86_64/buildtools/gcc10.3/gcc/bin/../lib/gcc/x86_64-pc-linux-gnu/10.3.0/include-fixed
 /usr/local/include
 /home/zhy/opengauss/openGauss-Scale/openGauss-third_party_binarylibs_Centos7.6_x86_64/buildtools/gcc10.3/gcc/bin/../lib/gcc/../../include
 /usr/include
End of search list.
GNU C17 (GCC) version 10.3.0 (x86_64-pc-linux-gnu)
	compiled by GNU C version 10.3.0, GMP version 6.1.0, MPFR version 3.1.4, MPC version 1.0.3, isl version isl-0.18-GMP

GGC heuristics: --param ggc-min-expand=100 --param ggc-min-heapsize=131072
Compiler executable checksum: fb9e2894ed98f29690042a92ce3e673e
COLLECT_GCC_OPTIONS='-v' '-o' 'CMakeFiles/cmTC_7b590.dir/CMakeCCompilerABI.c.o' '-c' '-mtune=generic' '-march=x86-64'
 as -v --64 -o CMakeFiles/cmTC_7b590.dir/CMakeCCompilerABI.c.o /tmp/ccUEcE1G.s
GNU assembler version 2.27 (x86_64-redhat-linux) using BFD version version 2.27-44.base.el7_9.1
COMPILER_PATH=/home/zhy/opengauss/openGauss-Scale/openGauss-third_party_binarylibs_Centos7.6_x86_64/buildtools/gcc10.3/gcc/bin/../libexec/gcc/x86_64-pc-linux-gnu/10.3.0/:/home/zhy/opengauss/openGauss-Scale/openGauss-third_party_binarylibs_Centos7.6_x86_64/buildtools/gcc10.3/gcc/bin/../libexec/gcc/
LIBRARY_PATH=/home/zhy/opengauss/openGauss-Scale/openGauss-third_party_binarylibs_Centos7.6_x86_64/buildtools/gcc10.3/gcc/bin/../lib/gcc/x86_64-pc-linux-gnu/10.3.0/:/home/zhy/opengauss/openGauss-Scale/openGauss-third_party_binarylibs_Centos7.6_x86_64/buildtools/gcc10.3/gcc/bin/../lib/gcc/:/home/zhy/opengauss/openGauss-Scale/openGauss-third_party_binarylibs_Centos7.6_x86_64/buildtools/gcc10.3/gcc/bin/../lib/gcc/x86_64-pc-linux-gnu/10.3.0/../../../../lib64/:/lib/../lib64/:/usr/lib/../lib64/:/home/zhy/opengauss/openGauss-Scale/openGauss-third_party_binarylibs_Centos7.6_x86_64/buildtools/gcc10.3/gcc/bin/../lib/gcc/x86_64-pc-linux-gnu/10.3.0/../../../:/lib/:/usr/lib/
COLLECT_GCC_OPTIONS='-v' '-o' 'CMakeFiles/cmTC_7b590.dir/CMakeCCompilerABI.c.o' '-c' '-mtune=generic' '-march=x86-64'
Linking C executable cmTC_7b590
/usr/bin/cmake3 -E cmake_link_script CMakeFiles/cmTC_7b590.dir/link.txt --verbose=1
/home/zhy/opengauss/openGauss-Scale/openGauss-third_party_binarylibs_Centos7.6_x86_64/buildtools/gcc10.3/gcc/bin/gcc     -v CMakeFiles/cmTC_7b590.dir/CMakeCCompilerABI.c.o  -o cmTC_7b590 
Using built-in specs.
COLLECT_GCC=/home/zhy/opengauss/openGauss-Scale/openGauss-third_party_binarylibs_Centos7.6_x86_64/buildtools/gcc10.3/gcc/bin/gcc
COLLECT_LTO_WRAPPER=/home/zhy/opengauss/openGauss-Scale/openGauss-third_party_binarylibs_Centos7.6_x86_64/buildtools/gcc10.3/gcc/bin/../libexec/gcc/x86_64-pc-linux-gnu/10.3.0/lto-wrapper
Target: x86_64-pc-linux-gnu
Configured with: ./configure CFLAGS='-fstack-protector-strong -Wl,-z,noexecstack -Wl,-z,relro,-z,now' --prefix=/data/autobuild/gcc10.3/gcc --with-gmp=/data/autobuild/gcc10.3/gmp --with-mpfr=/data/autobuild/gcc10.3/mpfr --with-mpc=/data/autobuild/gcc10.3/mpc --with-isl=/data/autobuild/gcc10.3/isl --disable-multilib --enable-languages=c,c++ --without-zstd
Thread model: posix
Supported LTO compression algorithms: zlib
gcc version 10.3.0 (GCC) 
COMPILER_PATH=/home/zhy/opengauss/openGauss-Scale/openGauss-third_party_binarylibs_Centos7.6_x86_64/buildtools/gcc10.3/gcc/bin/../libexec/gcc/x86_64-pc-linux-gnu/10.3.0/:/home/zhy/opengauss/openGauss-Scale/openGauss-third_party_binarylibs_Centos7.6_x86_64/buildtools/gcc10.3/gcc/bin/../libexec/gcc/
LIBRARY_PATH=/home/zhy/opengauss/openGauss-Scale/openGauss-third_party_binarylibs_Centos7.6_x86_64/buildtools/gcc10.3/gcc/bin/../lib/gcc/x86_64-pc-linux-gnu/10.3.0/:/home/zhy/opengauss/openGauss-Scale/openGauss-third_party_binarylibs_Centos7.6_x86_64/buildtools/gcc10.3/gcc/bin/../lib/gcc/:/home/zhy/opengauss/openGauss-Scale/openGauss-third_party_binarylibs_Centos7.6_x86_64/buildtools/gcc10.3/gcc/bin/../lib/gcc/x86_64-pc-linux-gnu/10.3.0/../../../../lib64/:/lib/../lib64/:/usr/lib/../lib64/:/home/zhy/opengauss/openGauss-Scale/openGauss-third_party_binarylibs_Centos7.6_x86_64/buildtools/gcc10.3/gcc/bin/../lib/gcc/x86_64-pc-linux-gnu/10.3.0/../../../:/lib/:/usr/lib/
COLLECT_GCC_OPTIONS='-v' '-o' 'cmTC_7b590' '-mtune=generic' '-march=x86-64'
 /home/zhy/opengauss/openGauss-Scale/openGauss-third_party_binarylibs_Centos7.6_x86_64/buildtools/gcc10.3/gcc/bin/../libexec/gcc/x86_64-pc-linux-gnu/10.3.0/collect2 -plugin /home/zhy/opengauss/openGauss-Scale/openGauss-third_party_binarylibs_Centos7.6_x86_64/buildtools/gcc10.3/gcc/bin/../libexec/gcc/x86_64-pc-linux-gnu/10.3.0/liblto_plugin.so -plugin-opt=/home/zhy/opengauss/openGauss-Scale/openGauss-third_party_binarylibs_Centos7.6_x86_64/buildtools/gcc10.3/gcc/bin/../libexec/gcc/x86_64-pc-linux-gnu/10.3.0/lto-wrapper -plugin-opt=-fresolution=/tmp/ccbjGamL.res -plugin-opt=-pass-through=-lgcc -plugin-opt=-pass-through=-lgcc_s -plugin-opt=-pass-through=-lc -plugin-opt=-pass-through=-lgcc -plugin-opt=-pass-through=-lgcc_s --eh-frame-hdr -m elf_x86_64 -dynamic-linker /lib64/ld-linux-x86-64.so.2 -o cmTC_7b590 /lib/../lib64/crt1.o /lib/../lib64/crti.o /home/zhy/opengauss/openGauss-Scale/openGauss-third_party_binarylibs_Centos7.6_x86_64/buildtools/gcc10.3/gcc/bin/../lib/gcc/x86_64-pc-linux-gnu/10.3.0/crtbegin.o -L/home/zhy/opengauss/openGauss-Scale/openGauss-third_party_binarylibs_Centos7.6_x86_64/buildtools/gcc10.3/gcc/bin/../lib/gcc/x86_64-pc-linux-gnu/10.3.0 -L/home/zhy/opengauss/openGauss-Scale/openGauss-third_party_binarylibs_Centos7.6_x86_64/buildtools/gcc10.3/gcc/bin/../lib/gcc -L/home/zhy/opengauss/openGauss-Scale/openGauss-third_party_binarylibs_Centos7.6_x86_64/buildtools/gcc10.3/gcc/bin/../lib/gcc/x86_64-pc-linux-gnu/10.3.0/../../../../lib64 -L/lib/../lib64 -L/usr/lib/../lib64 -L/home/zhy/opengauss/openGauss-Scale/openGauss-third_party_binarylibs_Centos7.6_x86_64/buildtools/gcc10.3/gcc/bin/../lib/gcc/x86_64-pc-linux-gnu/10.3.0/../../.. CMakeFiles/cmTC_7b590.dir/CMakeCCompilerABI.c.o -lgcc --as-needed -lgcc_s --no-as-needed -lc -lgcc --as-needed -lgcc_s --no-as-needed /home/zhy/opengauss/openGauss-Scale/openGauss-third_party_binarylibs_Centos7.6_x86_64/buildtools/gcc10.3/gcc/bin/../lib/gcc/x86_64-pc-linux-gnu/10.3.0/crtend.o /lib/../lib64/crtn.o
COLLECT_GCC_OPTIONS='-v' '-o' 'cmTC_7b590' '-mtune=generic' '-march=x86-64'
gmake[1]: Leaving directory `/home/zhy/opengauss/tools/train/c++/build/CMakeFiles/CMakeTmp'



Parsed C implicit include dir info from above output: rv=done
  found start of include info
  found start of implicit include info
    add: [/home/zhy/opengauss/openGauss-Scale/openGauss-third_party_binarylibs_Centos7.6_x86_64/buildtools/gcc10.3/gcc/bin/../lib/gcc/x86_64-pc-linux-gnu/10.3.0/include]
    add: [/home/zhy/opengauss/openGauss-Scale/openGauss-third_party_binarylibs_Centos7.6_x86_64/buildtools/gcc10.3/gcc/bin/../lib/gcc/x86_64-pc-linux-gnu/10.3.0/include-fixed]
    add: [/usr/local/include]
    add: [/home/zhy/opengauss/openGauss-Scale/openGauss-third_party_binarylibs_Centos7.6_x86_64/buildtools/gcc10.3/gcc/bin/../lib/gcc/../../include]
    add: [/usr/include]
  end of search list found
  collapse include dir [/home/zhy/opengauss/openGauss-Scale/openGauss-third_party_binarylibs_Centos7.6_x86_64/buildtools/gcc10.3/gcc/bin/../lib/gcc/x86_64-pc-linux-gnu/10.3.0/include] ==> [/home/zhy/opengauss/openGauss-Scale/openGauss-third_party_binarylibs_Centos7.6_x86_64/buildtools/gcc10.3/gcc/lib/gcc/x86_64-pc-linux-gnu/10.3.0/include]
  collapse include dir [/home/zhy/opengauss/openGauss-Scale/openGauss-third_party_binarylibs_Centos7.6_x86_64/buildtools/gcc10.3/gcc/bin/../lib/gcc/x86_64-pc-linux-gnu/10.3.0/include-fixed] ==> [/home/zhy/opengauss/openGauss-Scale/openGauss-third_party_binarylibs_Centos7.6_x86_64/buildtools/gcc10.3/gcc/lib/gcc/x86_64-pc-linux-gnu/10.3.0/include-fixed]
  collapse include dir [/usr/local/include] ==> [/usr/local/include]
  collapse include dir [/home/zhy/opengauss/openGauss-Scale/openGauss-third_party_binarylibs_Centos7.6_x86_64/buildtools/gcc10.3/gcc/bin/../lib/gcc/../../include] ==> [/home/zhy/opengauss/openGauss-Scale/openGauss-third_party_binarylibs_Centos7.6_x86_64/buildtools/gcc10.3/gcc/include]
  collapse include dir [/usr/include] ==> [/usr/include]
  implicit include dirs: [/home/zhy/opengauss/openGauss-Scale/openGauss-third_party_binarylibs_Centos7.6_x86_64/buildtools/gcc10.3/gcc/lib/gcc/x86_64-pc-linux-gnu/10.3.0/include;/home/zhy/opengauss/openGauss-Scale/openGauss-third_party_binarylibs_Centos7.6_x86_64/buildtools/gcc10.3/gcc/lib/gcc/x86_64-pc-linux-gnu/10.3.0/include-fixed;/usr/local/include;/home/zhy/opengauss/openGauss-Scale/openGauss-third_party_binarylibs_Centos7.6_x86_64/buildtools/gcc10.3/gcc/include;/usr/include]


Parsed C implicit link information from above output:
  link line regex: [^( *|.*[/\])(ld|CMAKE_LINK_STARTFILE-NOTFOUND|([^/\]+-)?ld|collect2)[^/\]*( |$)]
  ignore line: [Change Dir: /home/zhy/opengauss/tools/train/c++/build/CMakeFiles/CMakeTmp]
  ignore line: []
  ignore line: [Run Build Command(s):/usr/bin/gmake cmTC_7b590/fast && /usr/bin/gmake  -f CMakeFiles/cmTC_7b590.dir/build.make CMakeFiles/cmTC_7b590.dir/build]
  ignore line: [gmake[1]: Entering directory `/home/zhy/opengauss/tools/train/c++/build/CMakeFiles/CMakeTmp']
  ignore line: [Building C object CMakeFiles/cmTC_7b590.dir/CMakeCCompilerABI.c.o]
  ignore line: [/home/zhy/opengauss/openGauss-Scale/openGauss-third_party_binarylibs_Centos7.6_x86_64/buildtools/gcc10.3/gcc/bin/gcc   -v -o CMakeFiles/cmTC_7b590.dir/CMakeCCompilerABI.c.o   -c /usr/share/cmake3/Modules/CMakeCCompilerABI.c]
  ignore line: [Using built-in specs.]
  ignore line: [COLLECT_GCC=/home/zhy/opengauss/openGauss-Scale/openGauss-third_party_binarylibs_Centos7.6_x86_64/buildtools/gcc10.3/gcc/bin/gcc]
  ignore line: [Target: x86_64-pc-linux-gnu]
  ignore line: [Configured with: ./configure CFLAGS='-fstack-protector-strong -Wl -z noexecstack -Wl -z relro -z now' --prefix=/data/autobuild/gcc10.3/gcc --with-gmp=/data/autobuild/gcc10.3/gmp --with-mpfr=/data/autobuild/gcc10.3/mpfr --with-mpc=/data/autobuild/gcc10.3/mpc --with-isl=/data/autobuild/gcc10.3/isl --disable-multilib --enable-languages=c c++ --without-zstd]
  ignore line: [Thread model: posix]
  ignore line: [Supported LTO compression algorithms: zlib]
  ignore line: [gcc version 10.3.0 (GCC) ]
  ignore line: [COLLECT_GCC_OPTIONS='-v' '-o' 'CMakeFiles/cmTC_7b590.dir/CMakeCCompilerABI.c.o' '-c' '-mtune=generic' '-march=x86-64']
  ignore line: [ /home/zhy/opengauss/openGauss-Scale/openGauss-third_party_binarylibs_Centos7.6_x86_64/buildtools/gcc10.3/gcc/bin/../libexec/gcc/x86_64-pc-linux-gnu/10.3.0/cc1 -quiet -v -iprefix /home/zhy/opengauss/openGauss-Scale/openGauss-third_party_binarylibs_Centos7.6_x86_64/buildtools/gcc10.3/gcc/bin/../lib/gcc/x86_64-pc-linux-gnu/10.3.0/ /usr/share/cmake3/Modules/CMakeCCompilerABI.c -quiet -dumpbase CMakeCCompilerABI.c -mtune=generic -march=x86-64 -auxbase-strip CMakeFiles/cmTC_7b590.dir/CMakeCCompilerABI.c.o -version -o /tmp/ccUEcE1G.s]
  ignore line: [GNU C17 (GCC) version 10.3.0 (x86_64-pc-linux-gnu)]
  ignore line: [	compiled by GNU C version 10.3.0  GMP version 6.1.0  MPFR version 3.1.4  MPC version 1.0.3  isl version isl-0.18-GMP]
  ignore line: []
  ignore line: [GGC heuristics: --param ggc-min-expand=100 --param ggc-min-heapsize=131072]
  ignore line: [ignoring nonexistent directory "/home/zhy/opengauss/openGauss-Scale/openGauss-third_party_binarylibs_Centos7.6_x86_64/buildtools/gcc10.3/gcc/bin/../lib/gcc/x86_64-pc-linux-gnu/10.3.0/../../../../x86_64-pc-linux-gnu/include"]
  ignore line: [ignoring duplicate directory "/home/zhy/opengauss/openGauss-Scale/openGauss-third_party_binarylibs_Centos7.6_x86_64/buildtools/gcc10.3/gcc/bin/../lib/gcc/../../lib/gcc/x86_64-pc-linux-gnu/10.3.0/include"]
  ignore line: [ignoring duplicate directory "/home/zhy/opengauss/openGauss-Scale/openGauss-third_party_binarylibs_Centos7.6_x86_64/buildtools/gcc10.3/gcc/bin/../lib/gcc/../../lib/gcc/x86_64-pc-linux-gnu/10.3.0/include-fixed"]
  ignore line: [ignoring nonexistent directory "/home/zhy/opengauss/openGauss-Scale/openGauss-third_party_binarylibs_Centos7.6_x86_64/buildtools/gcc10.3/gcc/bin/../lib/gcc/../../lib/gcc/x86_64-pc-linux-gnu/10.3.0/../../../../x86_64-pc-linux-gnu/include"]
  ignore line: [#include "..." search starts here:]
  ignore line: [#include <...> search starts here:]
  ignore line: [ /home/zhy/opengauss/openGauss-Scale/openGauss-third_party_binarylibs_Centos7.6_x86_64/buildtools/gcc10.3/gcc/bin/../lib/gcc/x86_64-pc-linux-gnu/10.3.0/include]
  ignore line: [ /home/zhy/opengauss/openGauss-Scale/openGauss-third_party_binarylibs_Centos7.6_x86_64/buildtools/gcc10.3/gcc/bin/../lib/gcc/x86_64-pc-linux-gnu/10.3.0/include-fixed]
  ignore line: [ /usr/local/include]
  ignore line: [ /home/zhy/opengauss/openGauss-Scale/openGauss-third_party_binarylibs_Centos7.6_x86_64/buildtools/gcc10.3/gcc/bin/../lib/gcc/../../include]
  ignore line: [ /usr/include]
  ignore line: [End of search list.]
  ignore line: [GNU C17 (GCC) version 10.3.0 (x86_64-pc-linux-gnu)]
  ignore line: [	compiled by GNU C version 10.3.0  GMP version 6.1.0  MPFR version 3.1.4  MPC version 1.0.3  isl version isl-0.18-GMP]
  ignore line: []
  ignore line: [GGC heuristics: --param ggc-min-expand=100 --param ggc-min-heapsize=131072]
  ignore line: [Compiler executable checksum: fb9e2894ed98f29690042a92ce3e673e]
  ignore line: [COLLECT_GCC_OPTIONS='-v' '-o' 'CMakeFiles/cmTC_7b590.dir/CMakeCCompilerABI.c.o' '-c' '-mtune=generic' '-march=x86-64']
  ignore line: [ as -v --64 -o CMakeFiles/cmTC_7b590.dir/CMakeCCompilerABI.c.o /tmp/ccUEcE1G.s]
  ignore line: [GNU assembler version 2.27 (x86_64-redhat-linux) using BFD version version 2.27-44.base.el7_9.1]
  ignore line: [COMPILER_PATH=/home/zhy/opengauss/openGauss-Scale/openGauss-third_party_binarylibs_Centos7.6_x86_64/buildtools/gcc10.3/gcc/bin/../libexec/gcc/x86_64-pc-linux-gnu/10.3.0/:/home/zhy/opengauss/openGauss-Scale/openGauss-third_party_binarylibs_Centos7.6_x86_64/buildtools/gcc10.3/gcc/bin/../libexec/gcc/]
  ignore line: [LIBRARY_PATH=/home/zhy/opengauss/openGauss-Scale/openGauss-third_party_binarylibs_Centos7.6_x86_64/buildtools/gcc10.3/gcc/bin/../lib/gcc/x86_64-pc-linux-gnu/10.3.0/:/home/zhy/opengauss/openGauss-Scale/openGauss-third_party_binarylibs_Centos7.6_x86_64/buildtools/gcc10.3/gcc/bin/../lib/gcc/:/home/zhy/opengauss/openGauss-Scale/openGauss-third_party_binarylibs_Centos7.6_x86_64/buildtools/gcc10.3/gcc/bin/../lib/gcc/x86_64-pc-linux-gnu/10.3.0/../../../../lib64/:/lib/../lib64/:/usr/lib/../lib64/:/home/zhy/opengauss/openGauss-Scale/openGauss-third_party_binarylibs_Centos7.6_x86_64/buildtools/gcc10.3/gcc/bin/../lib/gcc/x86_64-pc-linux-gnu/10.3.0/../../../:/lib/:/usr/lib/]
  ignore line: [COLLECT_GCC_OPTIONS='-v' '-o' 'CMakeFiles/cmTC_7b590.dir/CMakeCCompilerABI.c.o' '-c' '-mtune=generic' '-march=x86-64']
  ignore line: [Linking C executable cmTC_7b590]
  ignore line: [/usr/bin/cmake3 -E cmake_link_script CMakeFiles/cmTC_7b590.dir/link.txt --verbose=1]
  ignore line: [/home/zhy/opengauss/openGauss-Scale/openGauss-third_party_binarylibs_Centos7.6_x86_64/buildtools/gcc10.3/gcc/bin/gcc     -v CMakeFiles/cmTC_7b590.dir/CMakeCCompilerABI.c.o  -o cmTC_7b590 ]
  ignore line: [Using built-in specs.]
  ignore line: [COLLECT_GCC=/home/zhy/opengauss/openGauss-Scale/openGauss-third_party_binarylibs_Centos7.6_x86_64/buildtools/gcc10.3/gcc/bin/gcc]
  ignore line: [COLLECT_LTO_WRAPPER=/home/zhy/opengauss/openGauss-Scale/openGauss-third_party_binarylibs_Centos7.6_x86_64/buildtools/gcc10.3/gcc/bin/../libexec/gcc/x86_64-pc-linux-gnu/10.3.0/lto-wrapper]
  ignore line: [Target: x86_64-pc-linux-gnu]
  ignore line: [Configured with: ./configure CFLAGS='-fstack-protector-strong -Wl -z noexecstack -Wl -z relro -z now' --prefix=/data/autobuild/gcc10.3/gcc --with-gmp=/data/autobuild/gcc10.3/gmp --with-mpfr=/data/autobuild/gcc10.3/mpfr --with-mpc=/data/autobuild/gcc10.3/mpc --with-isl=/data/autobuild/gcc10.3/isl --disable-multilib --enable-languages=c c++ --without-zstd]
  ignore line: [Thread model: posix]
  ignore line: [Supported LTO compression algorithms: zlib]
  ignore line: [gcc version 10.3.0 (GCC) ]
  ignore line: [COMPILER_PATH=/home/zhy/opengauss/openGauss-Scale/openGauss-third_party_binarylibs_Centos7.6_x86_64/buildtools/gcc10.3/gcc/bin/../libexec/gcc/x86_64-pc-linux-gnu/10.3.0/:/home/zhy/opengauss/openGauss-Scale/openGauss-third_party_binarylibs_Centos7.6_x86_64/buildtools/gcc10.3/gcc/bin/../libexec/gcc/]
  ignore line: [LIBRARY_PATH=/home/zhy/opengauss/openGauss-Scale/openGauss-third_party_binarylibs_Centos7.6_x86_64/buildtools/gcc10.3/gcc/bin/../lib/gcc/x86_64-pc-linux-gnu/10.3.0/:/home/zhy/opengauss/openGauss-Scale/openGauss-third_party_binarylibs_Centos7.6_x86_64/buildtools/gcc10.3/gcc/bin/../lib/gcc/:/home/zhy/opengauss/openGauss-Scale/openGauss-third_party_binarylibs_Centos7.6_x86_64/buildtools/gcc10.3/gcc/bin/../lib/gcc/x86_64-pc-linux-gnu/10.3.0/../../../../lib64/:/lib/../lib64/:/usr/lib/../lib64/:/home/zhy/opengauss/openGauss-Scale/openGauss-third_party_binarylibs_Centos7.6_x86_64/buildtools/gcc10.3/gcc/bin/../lib/gcc/x86_64-pc-linux-gnu/10.3.0/../../../:/lib/:/usr/lib/]
  ignore line: [COLLECT_GCC_OPTIONS='-v' '-o' 'cmTC_7b590' '-mtune=generic' '-march=x86-64']
  link line: [ /home/zhy/opengauss/openGauss-Scale/openGauss-third_party_binarylibs_Centos7.6_x86_64/buildtools/gcc10.3/gcc/bin/../libexec/gcc/x86_64-pc-linux-gnu/10.3.0/collect2 -plugin /home/zhy/opengauss/openGauss-Scale/openGauss-third_party_binarylibs_Centos7.6_x86_64/buildtools/gcc10.3/gcc/bin/../libexec/gcc/x86_64-pc-linux-gnu/10.3.0/liblto_plugin.so -plugin-opt=/home/zhy/opengauss/openGauss-Scale/openGauss-third_party_binarylibs_Centos7.6_x86_64/buildtools/gcc10.3/gcc/bin/../libexec/gcc/x86_64-pc-linux-gnu/10.3.0/lto-wrapper -plugin-opt=-fresolution=/tmp/ccbjGamL.res -plugin-opt=-pass-through=-lgcc -plugin-opt=-pass-through=-lgcc_s -plugin-opt=-pass-through=-lc -plugin-opt=-pass-through=-lgcc -plugin-opt=-pass-through=-lgcc_s --eh-frame-hdr -m elf_x86_64 -dynamic-linker /lib64/ld-linux-x86-64.so.2 -o cmTC_7b590 /lib/../lib64/crt1.o /lib/../lib64/crti.o /home/zhy/opengauss/openGauss-Scale/openGauss-third_party_binarylibs_Centos7.6_x86_64/buildtools/gcc10.3/gcc/bin/../lib/gcc/x86_64-pc-linux-gnu/10.3.0/crtbegin.o -L/home/zhy/opengauss/openGauss-Scale/openGauss-third_party_binarylibs_Centos7.6_x86_64/buildtools/gcc10.3/gcc/bin/../lib/gcc/x86_64-pc-linux-gnu/10.3.0 -L/home/zhy/opengauss/openGauss-Scale/openGauss-third_party_binarylibs_Centos7.6_x86_64/buildtools/gcc10.3/gcc/bin/../lib/gcc -L/home/zhy/opengauss/openGauss-Scale/openGauss-third_party_binarylibs_Centos7.6_x86_64/buildtools/gcc10.3/gcc/bin/../lib/gcc/x86_64-pc-linux-gnu/10.3.0/../../../../lib64 -L/lib/../lib64 -L/usr/lib/../lib64 -L/home/zhy/opengauss/openGauss-Scale/openGauss-third_party_binarylibs_Centos7.6_x86_64/buildtools/gcc10.3/gcc/bin/../lib/gcc/x86_64-pc-linux-gnu/10.3.0/../../.. CMakeFiles/cmTC_7b590.dir/CMakeCCompilerABI.c.o -lgcc --as-needed -lgcc_s --no-as-needed -lc -lgcc --as-needed -lgcc_s --no-as-needed /home/zhy/opengauss/openGauss-Scale/openGauss-third_party_binarylibs_Centos7.6_x86_64/buildtools/gcc10.3/gcc/bin/../lib/gcc/x86_64-pc-linux-gnu/10.3.0/crtend.o /lib/../lib64/crtn.o]
    arg [/home/zhy/opengauss/openGauss-Scale/openGauss-third_party_binarylibs_Centos7.6_x86_64/buildtools/gcc10.3/gcc/bin/../libexec/gcc/x86_64-pc-linux-gnu/10.3.0/collect2] ==> ignore
    arg [-plugin] ==> ignore
    arg [/home/zhy/opengauss/openGauss-Scale/openGauss-third_party_binarylibs_Centos7.6_x86_64/buildtools/gcc10.3/gcc/bin/../libexec/gcc/x86_64-pc-linux-gnu/10.3.0/liblto_plugin.so] ==> ignore
    arg [-plugin-opt=/home/zhy/opengauss/openGauss-Scale/openGauss-third_party_binarylibs_Centos7.6_x86_64/buildtools/gcc10.3/gcc/bin/../libexec/gcc/x86_64-pc-linux-gnu/10.3.0/lto-wrapper] ==> ignore
    arg [-plugin-opt=-fresolution=/tmp/ccbjGamL.res] ==> ignore
    arg [-plugin-opt=-pass-through=-lgcc] ==> ignore
    arg [-plugin-opt=-pass-through=-lgcc_s] ==> ignore
    arg [-plugin-opt=-pass-through=-lc] ==> ignore
    arg [-plugin-opt=-pass-through=-lgcc] ==> ignore
    arg [-plugin-opt=-pass-through=-lgcc_s] ==> ignore
    arg [--eh-frame-hdr] ==> ignore
    arg [-m] ==> ignore
    arg [elf_x86_64] ==> ignore
    arg [-dynamic-linker] ==> ignore
    arg [/lib64/ld-linux-x86-64.so.2] ==> ignore
    arg [-o] ==> ignore
    arg [cmTC_7b590] ==> ignore
    arg [/lib/../lib64/crt1.o] ==> ignore
    arg [/lib/../lib64/crti.o] ==> ignore
    arg [/home/zhy/opengauss/openGauss-Scale/openGauss-third_party_binarylibs_Centos7.6_x86_64/buildtools/gcc10.3/gcc/bin/../lib/gcc/x86_64-pc-linux-gnu/10.3.0/crtbegin.o] ==> ignore
    arg [-L/home/zhy/opengauss/openGauss-Scale/openGauss-third_party_binarylibs_Centos7.6_x86_64/buildtools/gcc10.3/gcc/bin/../lib/gcc/x86_64-pc-linux-gnu/10.3.0] ==> dir [/home/zhy/opengauss/openGauss-Scale/openGauss-third_party_binarylibs_Centos7.6_x86_64/buildtools/gcc10.3/gcc/bin/../lib/gcc/x86_64-pc-linux-gnu/10.3.0]
    arg [-L/home/zhy/opengauss/openGauss-Scale/openGauss-third_party_binarylibs_Centos7.6_x86_64/buildtools/gcc10.3/gcc/bin/../lib/gcc] ==> dir [/home/zhy/opengauss/openGauss-Scale/openGauss-third_party_binarylibs_Centos7.6_x86_64/buildtools/gcc10.3/gcc/bin/../lib/gcc]
    arg [-L/home/zhy/opengauss/openGauss-Scale/openGauss-third_party_binarylibs_Centos7.6_x86_64/buildtools/gcc10.3/gcc/bin/../lib/gcc/x86_64-pc-linux-gnu/10.3.0/../../../../lib64] ==> dir [/home/zhy/opengauss/openGauss-Scale/openGauss-third_party_binarylibs_Centos7.6_x86_64/buildtools/gcc10.3/gcc/bin/../lib/gcc/x86_64-pc-linux-gnu/10.3.0/../../../../lib64]
    arg [-L/lib/../lib64] ==> dir [/lib/../lib64]
    arg [-L/usr/lib/../lib64] ==> dir [/usr/lib/../lib64]
    arg [-L/home/zhy/opengauss/openGauss-Scale/openGauss-third_party_binarylibs_Centos7.6_x86_64/buildtools/gcc10.3/gcc/bin/../lib/gcc/x86_64-pc-linux-gnu/10.3.0/../../..] ==> dir [/home/zhy/opengauss/openGauss-Scale/openGauss-third_party_binarylibs_Centos7.6_x86_64/buildtools/gcc10.3/gcc/bin/../lib/gcc/x86_64-pc-linux-gnu/10.3.0/../../..]
    arg [CMakeFiles/cmTC_7b590.dir/CMakeCCompilerABI.c.o] ==> ignore
    arg [-lgcc] ==> lib [gcc]
    arg [--as-needed] ==> ignore
    arg [-lgcc_s] ==> lib [gcc_s]
    arg [--no-as-needed] ==> ignore
    arg [-lc] ==> lib [c]
    arg [-lgcc] ==> lib [gcc]
    arg [--as-needed] ==> ignore
    arg [-lgcc_s] ==> lib [gcc_s]
    arg [--no-as-needed] ==> ignore
    arg [/home/zhy/opengauss/openGauss-Scale/openGauss-third_party_binarylibs_Centos7.6_x86_64/buildtools/gcc10.3/gcc/bin/../lib/gcc/x86_64-pc-linux-gnu/10.3.0/crtend.o] ==> ignore
    arg [/lib/../lib64/crtn.o] ==> ignore
  collapse library dir [/home/zhy/opengauss/openGauss-Scale/openGauss-third_party_binarylibs_Centos7.6_x86_64/buildtools/gcc10.3/gcc/bin/../lib/gcc/x86_64-pc-linux-gnu/10.3.0] ==> [/home/zhy/opengauss/openGauss-Scale/openGauss-third_party_binarylibs_Centos7.6_x86_64/buildtools/gcc10.3/gcc/lib/gcc/x86_64-pc-linux-gnu/10.3.0]
  collapse library dir [/home/zhy/opengauss/openGauss-Scale/openGauss-third_party_binarylibs_Centos7.6_x86_64/buildtools/gcc10.3/gcc/bin/../lib/gcc] ==> [/home/zhy/opengauss/openGauss-Scale/openGauss-third_party_binarylibs_Centos7.6_x86_64/buildtools/gcc10.3/gcc/lib/gcc]
  collapse library dir [/home/zhy/opengauss/openGauss-Scale/openGauss-third_party_binarylibs_Centos7.6_x86_64/buildtools/gcc10.3/gcc/bin/../lib/gcc/x86_64-pc-linux-gnu/10.3.0/../../../../lib64] ==> [/home/zhy/opengauss/openGauss-Scale/openGauss-third_party_binarylibs_Centos7.6_x86_64/buildtools/gcc10.3/gcc/lib64]
  collapse library dir [/lib/../lib64] ==> [/lib64]
  collapse library dir [/usr/lib/../lib64] ==> [/usr/lib64]
  collapse library dir [/home/zhy/opengauss/openGauss-Scale/openGauss-third_party_binarylibs_Centos7.6_x86_64/buildtools/gcc10.3/gcc/bin/../lib/gcc/x86_64-pc-linux-gnu/10.3.0/../../..] ==> [/home/zhy/opengauss/openGauss-Scale/openGauss-third_party_binarylibs_Centos7.6_x86_64/buildtools/gcc10.3/gcc/lib]
  implicit libs: [gcc;gcc_s;c;gcc;gcc_s]
  implicit dirs: [/home/zhy/opengauss/openGauss-Scale/openGauss-third_party_binarylibs_Centos7.6_x86_64/buildtools/gcc10.3/gcc/lib/gcc/x86_64-pc-linux-gnu/10.3.0;/home/zhy/opengauss/openGauss-Scale/openGauss-third_party_binarylibs_Centos7.6_x86_64/buildtools/gcc10.3/gcc/lib/gcc;/home/zhy/opengauss/openGauss-Scale/openGauss-third_party_binarylibs_Centos7.6_x86_64/buildtools/gcc10.3/gcc/lib64;/lib64;/usr/lib64;/home/zhy/opengauss/openGauss-Scale/openGauss-third_party_binarylibs_Centos7.6_x86_64/buildtools/gcc10.3/gcc/lib]
  implicit fwks: []


Determining if the CXX compiler works passed with the following output:
Change Dir: /home/zhy/opengauss/tools/train/c++/build/CMakeFiles/CMakeTmp

Run Build Command(s):/usr/bin/gmake cmTC_ceb63/fast && /usr/bin/gmake  -f CMakeFiles/cmTC_ceb63.dir/build.make CMakeFiles/cmTC_ceb63.dir/build
gmake[1]: 进入目录“/home/zhy/opengauss/tools/train/c++/build/CMakeFiles/CMakeTmp”
Building CXX object CMakeFiles/cmTC_ceb63.dir/testCXXCompiler.cxx.o
/home/zhy/opengauss/openGauss-Scale/openGauss-third_party_binarylibs_Centos7.6_x86_64/buildtools/gcc10.3/gcc/bin/g++     -o CMakeFiles/cmTC_ceb63.dir/testCXXCompiler.cxx.o -c /home/zhy/opengauss/tools/train/c++/build/CMakeFiles/CMakeTmp/testCXXCompiler.cxx
Linking CXX executable cmTC_ceb63
/usr/bin/cmake3 -E cmake_link_script CMakeFiles/cmTC_ceb63.dir/link.txt --verbose=1
/home/zhy/opengauss/openGauss-Scale/openGauss-third_party_binarylibs_Centos7.6_x86_64/buildtools/gcc10.3/gcc/bin/g++       CMakeFiles/cmTC_ceb63.dir/testCXXCompiler.cxx.o  -o cmTC_ceb63 
gmake[1]: 离开目录“/home/zhy/opengauss/tools/train/c++/build/CMakeFiles/CMakeTmp”



Detecting CXX compiler ABI info compiled with the following output:
Change Dir: /home/zhy/opengauss/tools/train/c++/build/CMakeFiles/CMakeTmp

Run Build Command(s):/usr/bin/gmake cmTC_f5c73/fast && /usr/bin/gmake  -f CMakeFiles/cmTC_f5c73.dir/build.make CMakeFiles/cmTC_f5c73.dir/build
gmake[1]: Entering directory `/home/zhy/opengauss/tools/train/c++/build/CMakeFiles/CMakeTmp'
Building CXX object CMakeFiles/cmTC_f5c73.dir/CMakeCXXCompilerABI.cpp.o
/home/zhy/opengauss/openGauss-Scale/openGauss-third_party_binarylibs_Centos7.6_x86_64/buildtools/gcc10.3/gcc/bin/g++    -v -o CMakeFiles/cmTC_f5c73.dir/CMakeCXXCompilerABI.cpp.o -c /usr/share/cmake3/Modules/CMakeCXXCompilerABI.cpp
Using built-in specs.
COLLECT_GCC=/home/zhy/opengauss/openGauss-Scale/openGauss-third_party_binarylibs_Centos7.6_x86_64/buildtools/gcc10.3/gcc/bin/g++
Target: x86_64-pc-linux-gnu
Configured with: ./configure CFLAGS='-fstack-protector-strong -Wl,-z,noexecstack -Wl,-z,relro,-z,now' --prefix=/data/autobuild/gcc10.3/gcc --with-gmp=/data/autobuild/gcc10.3/gmp --with-mpfr=/data/autobuild/gcc10.3/mpfr --with-mpc=/data/autobuild/gcc10.3/mpc --with-isl=/data/autobuild/gcc10.3/isl --disable-multilib --enable-languages=c,c++ --without-zstd
Thread model: posix
Supported LTO compression algorithms: zlib
gcc version 10.3.0 (GCC) 
COLLECT_GCC_OPTIONS='-v' '-o' 'CMakeFiles/cmTC_f5c73.dir/CMakeCXXCompilerABI.cpp.o' '-c' '-shared-libgcc' '-mtune=generic' '-march=x86-64'
 /home/zhy/opengauss/openGauss-Scale/openGauss-third_party_binarylibs_Centos7.6_x86_64/buildtools/gcc10.3/gcc/bin/../libexec/gcc/x86_64-pc-linux-gnu/10.3.0/cc1plus -quiet -v -iprefix /home/zhy/opengauss/openGauss-Scale/openGauss-third_party_binarylibs_Centos7.6_x86_64/buildtools/gcc10.3/gcc/bin/../lib/gcc/x86_64-pc-linux-gnu/10.3.0/ -D_GNU_SOURCE /usr/share/cmake3/Modules/CMakeCXXCompilerABI.cpp -quiet -dumpbase CMakeCXXCompilerABI.cpp -mtune=generic -march=x86-64 -auxbase-strip CMakeFiles/cmTC_f5c73.dir/CMakeCXXCompilerABI.cpp.o -version -o /tmp/cc1OdTKc.s
GNU C++14 (GCC) version 10.3.0 (x86_64-pc-linux-gnu)
	compiled by GNU C version 10.3.0, GMP version 6.1.0, MPFR version 3.1.4, MPC version 1.0.3, isl version isl-0.18-GMP

GGC heuristics: --param ggc-min-expand=100 --param ggc-min-heapsize=131072
ignoring nonexistent directory "/home/zhy/opengauss/openGauss-Scale/openGauss-third_party_binarylibs_Centos7.6_x86_64/buildtools/gcc10.3/gcc/bin/../lib/gcc/x86_64-pc-linux-gnu/10.3.0/../../../../x86_64-pc-linux-gnu/include"
ignoring duplicate directory "/home/zhy/opengauss/openGauss-Scale/openGauss-third_party_binarylibs_Centos7.6_x86_64/buildtools/gcc10.3/gcc/bin/../lib/gcc/../../lib/gcc/x86_64-pc-linux-gnu/10.3.0/../../../../include/c++/10.3.0"
ignoring duplicate directory "/home/zhy/opengauss/openGauss-Scale/openGauss-third_party_binarylibs_Centos7.6_x86_64/buildtools/gcc10.3/gcc/bin/../lib/gcc/../../lib/gcc/x86_64-pc-linux-gnu/10.3.0/../../../../include/c++/10.3.0/x86_64-pc-linux-gnu"
ignoring duplicate directory "/home/zhy/opengauss/openGauss-Scale/openGauss-third_party_binarylibs_Centos7.6_x86_64/buildtools/gcc10.3/gcc/bin/../lib/gcc/../../lib/gcc/x86_64-pc-linux-gnu/10.3.0/../../../../include/c++/10.3.0/backward"
ignoring duplicate directory "/home/zhy/opengauss/openGauss-Scale/openGauss-third_party_binarylibs_Centos7.6_x86_64/buildtools/gcc10.3/gcc/bin/../lib/gcc/../../lib/gcc/x86_64-pc-linux-gnu/10.3.0/include"
ignoring duplicate directory "/home/zhy/opengauss/openGauss-Scale/openGauss-third_party_binarylibs_Centos7.6_x86_64/buildtools/gcc10.3/gcc/bin/../lib/gcc/../../lib/gcc/x86_64-pc-linux-gnu/10.3.0/include-fixed"
ignoring nonexistent directory "/home/zhy/opengauss/openGauss-Scale/openGauss-third_party_binarylibs_Centos7.6_x86_64/buildtools/gcc10.3/gcc/bin/../lib/gcc/../../lib/gcc/x86_64-pc-linux-gnu/10.3.0/../../../../x86_64-pc-linux-gnu/include"
#include "..." search starts here:
#include <...> search starts here:
 /home/zhy/opengauss/openGauss-Scale/openGauss-third_party_binarylibs_Centos7.6_x86_64/buildtools/gcc10.3/gcc/bin/../lib/gcc/x86_64-pc-linux-gnu/10.3.0/../../../../include/c++/10.3.0
 /home/zhy/opengauss/openGauss-Scale/openGauss-third_party_binarylibs_Centos7.6_x86_64/buildtools/gcc10.3/gcc/bin/../lib/gcc/x86_64-pc-linux-gnu/10.3.0/../../../../include/c++/10.3.0/x86_64-pc-linux-gnu
 /home/zhy/opengauss/openGauss-Scale/openGauss-third_party_binarylibs_Centos7.6_x86_64/buildtools/gcc10.3/gcc/bin/../lib/gcc/x86_64-pc-linux-gnu/10.3.0/../../../../include/c++/10.3.0/backward
 /home/zhy/opengauss/openGauss-Scale/openGauss-third_party_binarylibs_Centos7.6_x86_64/buildtools/gcc10.3/gcc/bin/../lib/gcc/x86_64-pc-linux-gnu/10.3.0/include
 /home/zhy/opengauss/openGauss-Scale/openGauss-third_party_binarylibs_Centos7.6_x86_64/buildtools/gcc10.3/gcc/bin/../lib/gcc/x86_64-pc-linux-gnu/10.3.0/include-fixed
 /usr/local/include
 /home/zhy/opengauss/openGauss-Scale/openGauss-third_party_binarylibs_Centos7.6_x86_64/buildtools/gcc10.3/gcc/bin/../lib/gcc/../../include
 /usr/include
End of search list.
GNU C++14 (GCC) version 10.3.0 (x86_64-pc-linux-gnu)
	compiled by GNU C version 10.3.0, GMP version 6.1.0, MPFR version 3.1.4, MPC version 1.0.3, isl version isl-0.18-GMP

GGC heuristics: --param ggc-min-expand=100 --param ggc-min-heapsize=131072
Compiler executable checksum: a4830b7b1e3b4f5509acbe59f790f613
COLLECT_GCC_OPTIONS='-v' '-o' 'CMakeFiles/cmTC_f5c73.dir/CMakeCXXCompilerABI.cpp.o' '-c' '-shared-libgcc' '-mtune=generic' '-march=x86-64'
 as -v --64 -o CMakeFiles/cmTC_f5c73.dir/CMakeCXXCompilerABI.cpp.o /tmp/cc1OdTKc.s
GNU assembler version 2.27 (x86_64-redhat-linux) using BFD version version 2.27-44.base.el7_9.1
COMPILER_PATH=/home/zhy/opengauss/openGauss-Scale/openGauss-third_party_binarylibs_Centos7.6_x86_64/buildtools/gcc10.3/gcc/bin/../libexec/gcc/x86_64-pc-linux-gnu/10.3.0/:/home/zhy/opengauss/openGauss-Scale/openGauss-third_party_binarylibs_Centos7.6_x86_64/buildtools/gcc10.3/gcc/bin/../libexec/gcc/
LIBRARY_PATH=/home/zhy/opengauss/openGauss-Scale/openGauss-third_party_binarylibs_Centos7.6_x86_64/buildtools/gcc10.3/gcc/bin/../lib/gcc/x86_64-pc-linux-gnu/10.3.0/:/home/zhy/opengauss/openGauss-Scale/openGauss-third_party_binarylibs_Centos7.6_x86_64/buildtools/gcc10.3/gcc/bin/../lib/gcc/:/home/zhy/opengauss/openGauss-Scale/openGauss-third_party_binarylibs_Centos7.6_x86_64/buildtools/gcc10.3/gcc/bin/../lib/gcc/x86_64-pc-linux-gnu/10.3.0/../../../../lib64/:/lib/../lib64/:/usr/lib/../lib64/:/home/zhy/opengauss/openGauss-Scale/openGauss-third_party_binarylibs_Centos7.6_x86_64/buildtools/gcc10.3/gcc/bin/../lib/gcc/x86_64-pc-linux-gnu/10.3.0/../../../:/lib/:/usr/lib/
COLLECT_GCC_OPTIONS='-v' '-o' 'CMakeFiles/cmTC_f5c73.dir/CMakeCXXCompilerABI.cpp.o' '-c' '-shared-libgcc' '-mtune=generic' '-march=x86-64'
Linking CXX executable cmTC_f5c73
/usr/bin/cmake3 -E cmake_link_script CMakeFiles/cmTC_f5c73.dir/link.txt --verbose=1
/home/zhy/opengauss/openGauss-Scale/openGauss-third_party_binarylibs_Centos7.6_x86_64/buildtools/gcc10.3/gcc/bin/g++      -v CMakeFiles/cmTC_f5c73.dir/CMakeCXXCompilerABI.cpp.o  -o cmTC_f5c73 
Using built-in specs.
COLLECT_GCC=/home/zhy/opengauss/openGauss-Scale/openGauss-third_party_binarylibs_Centos7.6_x86_64/buildtools/gcc10.3/gcc/bin/g++
COLLECT_LTO_WRAPPER=/home/zhy/opengauss/openGauss-Scale/openGauss-third_party_binarylibs_Centos7.6_x86_64/buildtools/gcc10.3/gcc/bin/../libexec/gcc/x86_64-pc-linux-gnu/10.3.0/lto-wrapper
Target: x86_64-pc-linux-gnu
Configured with: ./configure CFLAGS='-fstack-protector-strong -Wl,-z,noexecstack -Wl,-z,relro,-z,now' --prefix=/data/autobuild/gcc10.3/gcc --with-gmp=/data/autobuild/gcc10.3/gmp --with-mpfr=/data/autobuild/gcc10.3/mpfr --with-mpc=/data/autobuild/gcc10.3/mpc --with-isl=/data/autobuild/gcc10.3/isl --disable-multilib --enable-languages=c,c++ --without-zstd
Thread model: posix
Supported LTO compression algorithms: zlib
gcc version 10.3.0 (GCC) 
COMPILER_PATH=/home/zhy/opengauss/openGauss-Scale/openGauss-third_party_binarylibs_Centos7.6_x86_64/buildtools/gcc10.3/gcc/bin/../libexec/gcc/x86_64-pc-linux-gnu/10.3.0/:/home/zhy/opengauss/openGauss-Scale/openGauss-third_party_binarylibs_Centos7.6_x86_64/buildtools/gcc10.3/gcc/bin/../libexec/gcc/
LIBRARY_PATH=/home/zhy/opengauss/openGauss-Scale/openGauss-third_party_binarylibs_Centos7.6_x86_64/buildtools/gcc10.3/gcc/bin/../lib/gcc/x86_64-pc-linux-gnu/10.3.0/:/home/zhy/opengauss/openGauss-Scale/openGauss-third_party_binarylibs_Centos7.6_x86_64/buildtools/gcc10.3/gcc/bin/../lib/gcc/:/home/zhy/opengauss/openGauss-Scale/openGauss-third_party_binarylibs_Centos7.6_x86_64/buildtools/gcc10.3/gcc/bin/../lib/gcc/x86_64-pc-linux-gnu/10.3.0/../../../../lib64/:/lib/../lib64/:/usr/lib/../lib64/:/home/zhy/opengauss/openGauss-Scale/openGauss-third_party_binarylibs_Centos7.6_x86_64/buildtools/gcc10.3/gcc/bin/../lib/gcc/x86_64-pc-linux-gnu/10.3.0/../../../:/lib/:/usr/lib/
COLLECT_GCC_OPTIONS='-v' '-o' 'cmTC_f5c73' '-shared-libgcc' '-mtune=generic' '-march=x86-64'
 /home/zhy/opengauss/openGauss-Scale/openGauss-third_party_binarylibs_Centos7.6_x86_64/buildtools/gcc10.3/gcc/bin/../libexec/gcc/x86_64-pc-linux-gnu/10.3.0/collect2 -plugin /home/zhy/opengauss/openGauss-Scale/openGauss-third_party_binarylibs_Centos7.6_x86_64/buildtools/gcc10.3/gcc/bin/../libexec/gcc/x86_64-pc-linux-gnu/10.3.0/liblto_plugin.so -plugin-opt=/home/zhy/opengauss/openGauss-Scale/openGauss-third_party_binarylibs_Centos7.6_x86_64/buildtools/gcc10.3/gcc/bin/../libexec/gcc/x86_64-pc-linux-gnu/10.3.0/lto-wrapper -plugin-opt=-fresolution=/tmp/ccwdEafh.res -plugin-opt=-pass-through=-lgcc_s -plugin-opt=-pass-through=-lgcc -plugin-opt=-pass-through=-lc -plugin-opt=-pass-through=-lgcc_s -plugin-opt=-pass-through=-lgcc --eh-frame-hdr -m elf_x86_64 -dynamic-linker /lib64/ld-linux-x86-64.so.2 -o cmTC_f5c73 /lib/../lib64/crt1.o /lib/../lib64/crti.o /home/zhy/opengauss/openGauss-Scale/openGauss-third_party_binarylibs_Centos7.6_x86_64/buildtools/gcc10.3/gcc/bin/../lib/gcc/x86_64-pc-linux-gnu/10.3.0/crtbegin.o -L/home/zhy/opengauss/openGauss-Scale/openGauss-third_party_binarylibs_Centos7.6_x86_64/buildtools/gcc10.3/gcc/bin/../lib/gcc/x86_64-pc-linux-gnu/10.3.0 -L/home/zhy/opengauss/openGauss-Scale/openGauss-third_party_binarylibs_Centos7.6_x86_64/buildtools/gcc10.3/gcc/bin/../lib/gcc -L/home/zhy/opengauss/openGauss-Scale/openGauss-third_party_binarylibs_Centos7.6_x86_64/buildtools/gcc10.3/gcc/bin/../lib/gcc/x86_64-pc-linux-gnu/10.3.0/../../../../lib64 -L/lib/../lib64 -L/usr/lib/../lib64 -L/home/zhy/opengauss/openGauss-Scale/openGauss-third_party_binarylibs_Centos7.6_x86_64/buildtools/gcc10.3/gcc/bin/../lib/gcc/x86_64-pc-linux-gnu/10.3.0/../../.. CMakeFiles/cmTC_f5c73.dir/CMakeCXXCompilerABI.cpp.o -lstdc++ -lm -lgcc_s -lgcc -lc -lgcc_s -lgcc /home/zhy/opengauss/openGauss-Scale/openGauss-third_party_binarylibs_Centos7.6_x86_64/buildtools/gcc10.3/gcc/bin/../lib/gcc/x86_64-pc-linux-gnu/10.3.0/crtend.o /lib/../lib64/crtn.o
COLLECT_GCC_OPTIONS='-v' '-o' 'cmTC_f5c73' '-shared-libgcc' '-mtune=generic' '-march=x86-64'
gmake[1]: Leaving directory `/home/zhy/opengauss/tools/train/c++/build/CMakeFiles/CMakeTmp'



Parsed CXX implicit include dir info from above output: rv=done
  found start of include info
  found start of implicit include info
    add: [/home/zhy/opengauss/openGauss-Scale/openGauss-third_party_binarylibs_Centos7.6_x86_64/buildtools/gcc10.3/gcc/bin/../lib/gcc/x86_64-pc-linux-gnu/10.3.0/../../../../include/c++/10.3.0]
    add: [/home/zhy/opengauss/openGauss-Scale/openGauss-third_party_binarylibs_Centos7.6_x86_64/buildtools/gcc10.3/gcc/bin/../lib/gcc/x86_64-pc-linux-gnu/10.3.0/../../../../include/c++/10.3.0/x86_64-pc-linux-gnu]
    add: [/home/zhy/opengauss/openGauss-Scale/openGauss-third_party_binarylibs_Centos7.6_x86_64/buildtools/gcc10.3/gcc/bin/../lib/gcc/x86_64-pc-linux-gnu/10.3.0/../../../../include/c++/10.3.0/backward]
    add: [/home/zhy/opengauss/openGauss-Scale/openGauss-third_party_binarylibs_Centos7.6_x86_64/buildtools/gcc10.3/gcc/bin/../lib/gcc/x86_64-pc-linux-gnu/10.3.0/include]
    add: [/home/zhy/opengauss/openGauss-Scale/openGauss-third_party_binarylibs_Centos7.6_x86_64/buildtools/gcc10.3/gcc/bin/../lib/gcc/x86_64-pc-linux-gnu/10.3.0/include-fixed]
    add: [/usr/local/include]
    add: [/home/zhy/opengauss/openGauss-Scale/openGauss-third_party_binarylibs_Centos7.6_x86_64/buildtools/gcc10.3/gcc/bin/../lib/gcc/../../include]
    add: [/usr/include]
  end of search list found
  collapse include dir [/home/zhy/opengauss/openGauss-Scale/openGauss-third_party_binarylibs_Centos7.6_x86_64/buildtools/gcc10.3/gcc/bin/../lib/gcc/x86_64-pc-linux-gnu/10.3.0/../../../../include/c++/10.3.0] ==> [/home/zhy/opengauss/openGauss-Scale/openGauss-third_party_binarylibs_Centos7.6_x86_64/buildtools/gcc10.3/gcc/include/c++/10.3.0]
  collapse include dir [/home/zhy/opengauss/openGauss-Scale/openGauss-third_party_binarylibs_Centos7.6_x86_64/buildtools/gcc10.3/gcc/bin/../lib/gcc/x86_64-pc-linux-gnu/10.3.0/../../../../include/c++/10.3.0/x86_64-pc-linux-gnu] ==> [/home/zhy/opengauss/openGauss-Scale/openGauss-third_party_binarylibs_Centos7.6_x86_64/buildtools/gcc10.3/gcc/include/c++/10.3.0/x86_64-pc-linux-gnu]
  collapse include dir [/home/zhy/opengauss/openGauss-Scale/openGauss-third_party_binarylibs_Centos7.6_x86_64/buildtools/gcc10.3/gcc/bin/../lib/gcc/x86_64-pc-linux-gnu/10.3.0/../../../../include/c++/10.3.0/backward] ==> [/home/zhy/opengauss/openGauss-Scale/openGauss-third_party_binarylibs_Centos7.6_x86_64/buildtools/gcc10.3/gcc/include/c++/10.3.0/backward]
  collapse include dir [/home/zhy/opengauss/openGauss-Scale/openGauss-third_party_binarylibs_Centos7.6_x86_64/buildtools/gcc10.3/gcc/bin/../lib/gcc/x86_64-pc-linux-gnu/10.3.0/include] ==> [/home/zhy/opengauss/openGauss-Scale/openGauss-third_party_binarylibs_Centos7.6_x86_64/buildtools/gcc10.3/gcc/lib/gcc/x86_64-pc-linux-gnu/10.3.0/include]
  collapse include dir [/home/zhy/opengauss/openGauss-Scale/openGauss-third_party_binarylibs_Centos7.6_x86_64/buildtools/gcc10.3/gcc/bin/../lib/gcc/x86_64-pc-linux-gnu/10.3.0/include-fixed] ==> [/home/zhy/opengauss/openGauss-Scale/openGauss-third_party_binarylibs_Centos7.6_x86_64/buildtools/gcc10.3/gcc/lib/gcc/x86_64-pc-linux-gnu/10.3.0/include-fixed]
  collapse include dir [/usr/local/include] ==> [/usr/local/include]
  collapse include dir [/home/zhy/opengauss/openGauss-Scale/openGauss-third_party_binarylibs_Centos7.6_x86_64/buildtools/gcc10.3/gcc/bin/../lib/gcc/../../include] ==> [/home/zhy/opengauss/openGauss-Scale/openGauss-third_party_binarylibs_Centos7.6_x86_64/buildtools/gcc10.3/gcc/include]
  collapse include dir [/usr/include] ==> [/usr/include]
  implicit include dirs: [/home/zhy/opengauss/openGauss-Scale/openGauss-third_party_binarylibs_Centos7.6_x86_64/buildtools/gcc10.3/gcc/include/c++/10.3.0;/home/zhy/opengauss/openGauss-Scale/openGauss-third_party_binarylibs_Centos7.6_x86_64/buildtools/gcc10.3/gcc/include/c++/10.3.0/x86_64-pc-linux-gnu;/home/zhy/opengauss/openGauss-Scale/openGauss-third_party_binarylibs_Centos7.6_x86_64/buildtools/gcc10.3/gcc/include/c++/10.3.0/backward;/home/zhy/opengauss/openGauss-Scale/openGauss-third_party_binarylibs_Centos7.6_x86_64/buildtools/gcc10.3/gcc/lib/gcc/x86_64-pc-linux-gnu/10.3.0/include;/home/zhy/opengauss/openGauss-Scale/openGauss-third_party_binarylibs_Centos7.6_x86_64/buildtools/gcc10.3/gcc/lib/gcc/x86_64-pc-linux-gnu/10.3.0/include-fixed;/usr/local/include;/home/zhy/opengauss/openGauss-Scale/openGauss-third_party_binarylibs_Centos7.6_x86_64/buildtools/gcc10.3/gcc/include;/usr/include]


Parsed CXX implicit link information from above output:
  link line regex: [^( *|.*[/\])(ld|CMAKE_LINK_STARTFILE-NOTFOUND|([^/\]+-)?ld|collect2)[^/\]*( |$)]
  ignore line: [Change Dir: /home/zhy/opengauss/tools/train/c++/build/CMakeFiles/CMakeTmp]
  ignore line: []
  ignore line: [Run Build Command(s):/usr/bin/gmake cmTC_f5c73/fast && /usr/bin/gmake  -f CMakeFiles/cmTC_f5c73.dir/build.make CMakeFiles/cmTC_f5c73.dir/build]
  ignore line: [gmake[1]: Entering directory `/home/zhy/opengauss/tools/train/c++/build/CMakeFiles/CMakeTmp']
  ignore line: [Building CXX object CMakeFiles/cmTC_f5c73.dir/CMakeCXXCompilerABI.cpp.o]
  ignore line: [/home/zhy/opengauss/openGauss-Scale/openGauss-third_party_binarylibs_Centos7.6_x86_64/buildtools/gcc10.3/gcc/bin/g++    -v -o CMakeFiles/cmTC_f5c73.dir/CMakeCXXCompilerABI.cpp.o -c /usr/share/cmake3/Modules/CMakeCXXCompilerABI.cpp]
  ignore line: [Using built-in specs.]
  ignore line: [COLLECT_GCC=/home/zhy/opengauss/openGauss-Scale/openGauss-third_party_binarylibs_Centos7.6_x86_64/buildtools/gcc10.3/gcc/bin/g++]
  ignore line: [Target: x86_64-pc-linux-gnu]
  ignore line: [Configured with: ./configure CFLAGS='-fstack-protector-strong -Wl -z noexecstack -Wl -z relro -z now' --prefix=/data/autobuild/gcc10.3/gcc --with-gmp=/data/autobuild/gcc10.3/gmp --with-mpfr=/data/autobuild/gcc10.3/mpfr --with-mpc=/data/autobuild/gcc10.3/mpc --with-isl=/data/autobuild/gcc10.3/isl --disable-multilib --enable-languages=c c++ --without-zstd]
  ignore line: [Thread model: posix]
  ignore line: [Supported LTO compression algorithms: zlib]
  ignore line: [gcc version 10.3.0 (GCC) ]
  ignore line: [COLLECT_GCC_OPTIONS='-v' '-o' 'CMakeFiles/cmTC_f5c73.dir/CMakeCXXCompilerABI.cpp.o' '-c' '-shared-libgcc' '-mtune=generic' '-march=x86-64']
  ignore line: [ /home/zhy/opengauss/openGauss-Scale/openGauss-third_party_binarylibs_Centos7.6_x86_64/buildtools/gcc10.3/gcc/bin/../libexec/gcc/x86_64-pc-linux-gnu/10.3.0/cc1plus -quiet -v -iprefix /home/zhy/opengauss/openGauss-Scale/openGauss-third_party_binarylibs_Centos7.6_x86_64/buildtools/gcc10.3/gcc/bin/../lib/gcc/x86_64-pc-linux-gnu/10.3.0/ -D_GNU_SOURCE /usr/share/cmake3/Modules/CMakeCXXCompilerABI.cpp -quiet -dumpbase CMakeCXXCompilerABI.cpp -mtune=generic -march=x86-64 -auxbase-strip CMakeFiles/cmTC_f5c73.dir/CMakeCXXCompilerABI.cpp.o -version -o /tmp/cc1OdTKc.s]
  ignore line: [GNU C++14 (GCC) version 10.3.0 (x86_64-pc-linux-gnu)]
  ignore line: [	compiled by GNU C version 10.3.0  GMP version 6.1.0  MPFR version 3.1.4  MPC version 1.0.3  isl version isl-0.18-GMP]
  ignore line: []
  ignore line: [GGC heuristics: --param ggc-min-expand=100 --param ggc-min-heapsize=131072]
  ignore line: [ignoring nonexistent directory "/home/zhy/opengauss/openGauss-Scale/openGauss-third_party_binarylibs_Centos7.6_x86_64/buildtools/gcc10.3/gcc/bin/../lib/gcc/x86_64-pc-linux-gnu/10.3.0/../../../../x86_64-pc-linux-gnu/include"]
  ignore line: [ignoring duplicate directory "/home/zhy/opengauss/openGauss-Scale/openGauss-third_party_binarylibs_Centos7.6_x86_64/buildtools/gcc10.3/gcc/bin/../lib/gcc/../../lib/gcc/x86_64-pc-linux-gnu/10.3.0/../../../../include/c++/10.3.0"]
  ignore line: [ignoring duplicate directory "/home/zhy/opengauss/openGauss-Scale/openGauss-third_party_binarylibs_Centos7.6_x86_64/buildtools/gcc10.3/gcc/bin/../lib/gcc/../../lib/gcc/x86_64-pc-linux-gnu/10.3.0/../../../../include/c++/10.3.0/x86_64-pc-linux-gnu"]
  ignore line: [ignoring duplicate directory "/home/zhy/opengauss/openGauss-Scale/openGauss-third_party_binarylibs_Centos7.6_x86_64/buildtools/gcc10.3/gcc/bin/../lib/gcc/../../lib/gcc/x86_64-pc-linux-gnu/10.3.0/../../../../include/c++/10.3.0/backward"]
  ignore line: [ignoring duplicate directory "/home/zhy/opengauss/openGauss-Scale/openGauss-third_party_binarylibs_Centos7.6_x86_64/buildtools/gcc10.3/gcc/bin/../lib/gcc/../../lib/gcc/x86_64-pc-linux-gnu/10.3.0/include"]
  ignore line: [ignoring duplicate directory "/home/zhy/opengauss/openGauss-Scale/openGauss-third_party_binarylibs_Centos7.6_x86_64/buildtools/gcc10.3/gcc/bin/../lib/gcc/../../lib/gcc/x86_64-pc-linux-gnu/10.3.0/include-fixed"]
  ignore line: [ignoring nonexistent directory "/home/zhy/opengauss/openGauss-Scale/openGauss-third_party_binarylibs_Centos7.6_x86_64/buildtools/gcc10.3/gcc/bin/../lib/gcc/../../lib/gcc/x86_64-pc-linux-gnu/10.3.0/../../../../x86_64-pc-linux-gnu/include"]
  ignore line: [#include "..." search starts here:]
  ignore line: [#include <...> search starts here:]
  ignore line: [ /home/zhy/opengauss/openGauss-Scale/openGauss-third_party_binarylibs_Centos7.6_x86_64/buildtools/gcc10.3/gcc/bin/../lib/gcc/x86_64-pc-linux-gnu/10.3.0/../../../../include/c++/10.3.0]
  ignore line: [ /home/zhy/opengauss/openGauss-Scale/openGauss-third_party_binarylibs_Centos7.6_x86_64/buildtools/gcc10.3/gcc/bin/../lib/gcc/x86_64-pc-linux-gnu/10.3.0/../../../../include/c++/10.3.0/x86_64-pc-linux-gnu]
  ignore line: [ /home/zhy/opengauss/openGauss-Scale/openGauss-third_party_binarylibs_Centos7.6_x86_64/buildtools/gcc10.3/gcc/bin/../lib/gcc/x86_64-pc-linux-gnu/10.3.0/../../../../include/c++/10.3.0/backward]
  ignore line: [ /home/zhy/opengauss/openGauss-Scale/openGauss-third_party_binarylibs_Centos7.6_x86_64/buildtools/gcc10.3/gcc/bin/../lib/gcc/x86_64-pc-linux-gnu/10.3.0/include]
  ignore line: [ /home/zhy/opengauss/openGauss-Scale/openGauss-third_party_binarylibs_Centos7.6_x86_64/buildtools/gcc10.3/gcc/bin/../lib/gcc/x86_64-pc-linux-gnu/10.3.0/include-fixed]
  ignore line: [ /usr/local/include]
  ignore line: [ /home/zhy/opengauss/openGauss-Scale/openGauss-third_party_binarylibs_Centos7.6_x86_64/buildtools/gcc10.3/gcc/bin/../lib/gcc/../../include]
  ignore line: [ /usr/include]
  ignore line: [End of search list.]
  ignore line: [GNU C++14 (GCC) version 10.3.0 (x86_64-pc-linux-gnu)]
  ignore line: [	compiled by GNU C version 10.3.0  GMP version 6.1.0  MPFR version 3.1.4  MPC version 1.0.3  isl version isl-0.18-GMP]
  ignore line: []
  ignore line: [GGC heuristics: --param ggc-min-expand=100 --param ggc-min-heapsize=131072]
  ignore line: [Compiler executable checksum: a4830b7b1e3b4f5509acbe59f790f613]
  ignore line: [COLLECT_GCC_OPTIONS='-v' '-o' 'CMakeFiles/cmTC_f5c73.dir/CMakeCXXCompilerABI.cpp.o' '-c' '-shared-libgcc' '-mtune=generic' '-march=x86-64']
  ignore line: [ as -v --64 -o CMakeFiles/cmTC_f5c73.dir/CMakeCXXCompilerABI.cpp.o /tmp/cc1OdTKc.s]
  ignore line: [GNU assembler version 2.27 (x86_64-redhat-linux) using BFD version version 2.27-44.base.el7_9.1]
  ignore line: [COMPILER_PATH=/home/zhy/opengauss/openGauss-Scale/openGauss-third_party_binarylibs_Centos7.6_x86_64/buildtools/gcc10.3/gcc/bin/../libexec/gcc/x86_64-pc-linux-gnu/10.3.0/:/home/zhy/opengauss/openGauss-Scale/openGauss-third_party_binarylibs_Centos7.6_x86_64/buildtools/gcc10.3/gcc/bin/../libexec/gcc/]
  ignore line: [LIBRARY_PATH=/home/zhy/opengauss/openGauss-Scale/openGauss-third_party_binarylibs_Centos7.6_x86_64/buildtools/gcc10.3/gcc/bin/../lib/gcc/x86_64-pc-linux-gnu/10.3.0/:/home/zhy/opengauss/openGauss-Scale/openGauss-third_party_binarylibs_Centos7.6_x86_64/buildtools/gcc10.3/gcc/bin/../lib/gcc/:/home/zhy/opengauss/openGauss-Scale/openGauss-third_party_binarylibs_Centos7.6_x86_64/buildtools/gcc10.3/gcc/bin/../lib/gcc/x86_64-pc-linux-gnu/10.3.0/../../../../lib64/:/lib/../lib64/:/usr/lib/../lib64/:/home/zhy/opengauss/openGauss-Scale/openGauss-third_party_binarylibs_Centos7.6_x86_64/buildtools/gcc10.3/gcc/bin/../lib/gcc/x86_64-pc-linux-gnu/10.3.0/../../../:/lib/:/usr/lib/]
  ignore line: [COLLECT_GCC_OPTIONS='-v' '-o' 'CMakeFiles/cmTC_f5c73.dir/CMakeCXXCompilerABI.cpp.o' '-c' '-shared-libgcc' '-mtune=generic' '-march=x86-64']
  ignore line: [Linking CXX executable cmTC_f5c73]
  ignore line: [/usr/bin/cmake3 -E cmake_link_script CMakeFiles/cmTC_f5c73.dir/link.txt --verbose=1]
  ignore line: [/home/zhy/opengauss/openGauss-Scale/openGauss-third_party_binarylibs_Centos7.6_x86_64/buildtools/gcc10.3/gcc/bin/g++      -v CMakeFiles/cmTC_f5c73.dir/CMakeCXXCompilerABI.cpp.o  -o cmTC_f5c73 ]
  ignore line: [Using built-in specs.]
  ignore line: [COLLECT_GCC=/home/zhy/opengauss/openGauss-Scale/openGauss-third_party_binarylibs_Centos7.6_x86_64/buildtools/gcc10.3/gcc/bin/g++]
  ignore line: [COLLECT_LTO_WRAPPER=/home/zhy/opengauss/openGauss-Scale/openGauss-third_party_binarylibs_Centos7.6_x86_64/buildtools/gcc10.3/gcc/bin/../libexec/gcc/x86_64-pc-linux-gnu/10.3.0/lto-wrapper]
  ignore line: [Target: x86_64-pc-linux-gnu]
  ignore line: [Configured with: ./configure CFLAGS='-fstack-protector-strong -Wl -z noexecstack -Wl -z relro -z now' --prefix=/data/autobuild/gcc10.3/gcc --with-gmp=/data/autobuild/gcc10.3/gmp --with-mpfr=/data/autobuild/gcc10.3/mpfr --with-mpc=/data/autobuild/gcc10.3/mpc --with-isl=/data/autobuild/gcc10.3/isl --disable-multilib --enable-languages=c c++ --without-zstd]
  ignore line: [Thread model: posix]
  ignore line: [Supported LTO compression algorithms: zlib]
  ignore line: [gcc version 10.3.0 (GCC) ]
  ignore line: [COMPILER_PATH=/home/zhy/opengauss/openGauss-Scale/openGauss-third_party_binarylibs_Centos7.6_x86_64/buildtools/gcc10.3/gcc/bin/../libexec/gcc/x86_64-pc-linux-gnu/10.3.0/:/home/zhy/opengauss/openGauss-Scale/openGauss-third_party_binarylibs_Centos7.6_x86_64/buildtools/gcc10.3/gcc/bin/../libexec/gcc/]
  ignore line: [LIBRARY_PATH=/home/zhy/opengauss/openGauss-Scale/openGauss-third_party_binarylibs_Centos7.6_x86_64/buildtools/gcc10.3/gcc/bin/../lib/gcc/x86_64-pc-linux-gnu/10.3.0/:/home/zhy/opengauss/openGauss-Scale/openGauss-third_party_binarylibs_Centos7.6_x86_64/buildtools/gcc10.3/gcc/bin/../lib/gcc/:/home/zhy/opengauss/openGauss-Scale/openGauss-third_party_binarylibs_Centos7.6_x86_64/buildtools/gcc10.3/gcc/bin/../lib/gcc/x86_64-pc-linux-gnu/10.3.0/../../../../lib64/:/lib/../lib64/:/usr/lib/../lib64/:/home/zhy/opengauss/openGauss-Scale/openGauss-third_party_binarylibs_Centos7.6_x86_64/buildtools/gcc10.3/gcc/bin/../lib/gcc/x86_64-pc-linux-gnu/10.3.0/../../../:/lib/:/usr/lib/]
  ignore line: [COLLECT_GCC_OPTIONS='-v' '-o' 'cmTC_f5c73' '-shared-libgcc' '-mtune=generic' '-march=x86-64']
  link line: [ /home/zhy/opengauss/openGauss-Scale/openGauss-third_party_binarylibs_Centos7.6_x86_64/buildtools/gcc10.3/gcc/bin/../libexec/gcc/x86_64-pc-linux-gnu/10.3.0/collect2 -plugin /home/zhy/opengauss/openGauss-Scale/openGauss-third_party_binarylibs_Centos7.6_x86_64/buildtools/gcc10.3/gcc/bin/../libexec/gcc/x86_64-pc-linux-gnu/10.3.0/liblto_plugin.so -plugin-opt=/home/zhy/opengauss/openGauss-Scale/openGauss-third_party_binarylibs_Centos7.6_x86_64/buildtools/gcc10.3/gcc/bin/../libexec/gcc/x86_64-pc-linux-gnu/10.3.0/lto-wrapper -plugin-opt=-fresolution=/tmp/ccwdEafh.res -plugin-opt=-pass-through=-lgcc_s -plugin-opt=-pass-through=-lgcc -plugin-opt=-pass-through=-lc -plugin-opt=-pass-through=-lgcc_s -plugin-opt=-pass-through=-lgcc --eh-frame-hdr -m elf_x86_64 -dynamic-linker /lib64/ld-linux-x86-64.so.2 -o cmTC_f5c73 /lib/../lib64/crt1.o /lib/../lib64/crti.o /home/zhy/opengauss/openGauss-Scale/openGauss-third_party_binarylibs_Centos7.6_x86_64/buildtools/gcc10.3/gcc/bin/../lib/gcc/x86_64-pc-linux-gnu/10.3.0/crtbegin.o -L/home/zhy/opengauss/openGauss-Scale/openGauss-third_party_binarylibs_Centos7.6_x86_64/buildtools/gcc10.3/gcc/bin/../lib/gcc/x86_64-pc-linux-gnu/10.3.0 -L/home/zhy/opengauss/openGauss-Scale/openGauss-third_party_binarylibs_Centos7.6_x86_64/buildtools/gcc10.3/gcc/bin/../lib/gcc -L/home/zhy/opengauss/openGauss-Scale/openGauss-third_party_binarylibs_Centos7.6_x86_64/buildtools/gcc10.3/gcc/bin/../lib/gcc/x86_64-pc-linux-gnu/10.3.0/../../../../lib64 -L/lib/../lib64 -L/usr/lib/../lib64 -L/home/zhy/opengauss/openGauss-Scale/openGauss-third_party_binarylibs_Centos7.6_x86_64/buildtools/gcc10.3/gcc/bin/../lib/gcc/x86_64-pc-linux-gnu/10.3.0/../../.. CMakeFiles/cmTC_f5c73.dir/CMakeCXXCompilerABI.cpp.o -lstdc++ -lm -lgcc_s -lgcc -lc -lgcc_s -lgcc /home/zhy/opengauss/openGauss-Scale/openGauss-third_party_binarylibs_Centos7.6_x86_64/buildtools/gcc10.3/gcc/bin/../lib/gcc/x86_64-pc-linux-gnu/10.3.0/crtend.o /lib/../lib64/crtn.o]
    arg [/home/zhy/opengauss/openGauss-Scale/openGauss-third_party_binarylibs_Centos7.6_x86_64/buildtools/gcc10.3/gcc/bin/../libexec/gcc/x86_64-pc-linux-gnu/10.3.0/collect2] ==> ignore
    arg [-plugin] ==> ignore
    arg [/home/zhy/opengauss/openGauss-Scale/openGauss-third_party_binarylibs_Centos7.6_x86_64/buildtools/gcc10.3/gcc/bin/../libexec/gcc/x86_64-pc-linux-gnu/10.3.0/liblto_plugin.so] ==> ignore
    arg [-plugin-opt=/home/zhy/opengauss/openGauss-Scale/openGauss-third_party_binarylibs_Centos7.6_x86_64/buildtools/gcc10.3/gcc/bin/../libexec/gcc/x86_64-pc-linux-gnu/10.3.0/lto-wrapper] ==> ignore
    arg [-plugin-opt=-fresolution=/tmp/ccwdEafh.res] ==> ignore
    arg [-plugin-opt=-pass-through=-lgcc_s] ==> ignore
    arg [-plugin-opt=-pass-through=-lgcc] ==> ignore
    arg [-plugin-opt=-pass-through=-lc] ==> ignore
    arg [-plugin-opt=-pass-through=-lgcc_s] ==> ignore
    arg [-plugin-opt=-pass-through=-lgcc] ==> ignore
    arg [--eh-frame-hdr] ==> ignore
    arg [-m] ==> ignore
    arg [elf_x86_64] ==> ignore
    arg [-dynamic-linker] ==> ignore
    arg [/lib64/ld-linux-x86-64.so.2] ==> ignore
    arg [-o] ==> ignore
    arg [cmTC_f5c73] ==> ignore
    arg [/lib/../lib64/crt1.o] ==> ignore
    arg [/lib/../lib64/crti.o] ==> ignore
    arg [/home/zhy/opengauss/openGauss-Scale/openGauss-third_party_binarylibs_Centos7.6_x86_64/buildtools/gcc10.3/gcc/bin/../lib/gcc/x86_64-pc-linux-gnu/10.3.0/crtbegin.o] ==> ignore
    arg [-L/home/zhy/opengauss/openGauss-Scale/openGauss-third_party_binarylibs_Centos7.6_x86_64/buildtools/gcc10.3/gcc/bin/../lib/gcc/x86_64-pc-linux-gnu/10.3.0] ==> dir [/home/zhy/opengauss/openGauss-Scale/openGauss-third_party_binarylibs_Centos7.6_x86_64/buildtools/gcc10.3/gcc/bin/../lib/gcc/x86_64-pc-linux-gnu/10.3.0]
    arg [-L/home/zhy/opengauss/openGauss-Scale/openGauss-third_party_binarylibs_Centos7.6_x86_64/buildtools/gcc10.3/gcc/bin/../lib/gcc] ==> dir [/home/zhy/opengauss/openGauss-Scale/openGauss-third_party_binarylibs_Centos7.6_x86_64/buildtools/gcc10.3/gcc/bin/../lib/gcc]
    arg [-L/home/zhy/opengauss/openGauss-Scale/openGauss-third_party_binarylibs_Centos7.6_x86_64/buildtools/gcc10.3/gcc/bin/../lib/gcc/x86_64-pc-linux-gnu/10.3.0/../../../../lib64] ==> dir [/home/zhy/opengauss/openGauss-Scale/openGauss-third_party_binarylibs_Centos7.6_x86_64/buildtools/gcc10.3/gcc/bin/../lib/gcc/x86_64-pc-linux-gnu/10.3.0/../../../../lib64]
    arg [-L/lib/../lib64] ==> dir [/lib/../lib64]
    arg [-L/usr/lib/../lib64] ==> dir [/usr/lib/../lib64]
    arg [-L/home/zhy/opengauss/openGauss-Scale/openGauss-third_party_binarylibs_Centos7.6_x86_64/buildtools/gcc10.3/gcc/bin/../lib/gcc/x86_64-pc-linux-gnu/10.3.0/../../..] ==> dir [/home/zhy/opengauss/openGauss-Scale/openGauss-third_party_binarylibs_Centos7.6_x86_64/buildtools/gcc10.3/gcc/bin/../lib/gcc/x86_64-pc-linux-gnu/10.3.0/../../..]
    arg [CMakeFiles/cmTC_f5c73.dir/CMakeCXXCompilerABI.cpp.o] ==> ignore
    arg [-lstdc++] ==> lib [stdc++]
    arg [-lm] ==> lib [m]
    arg [-lgcc_s] ==> lib [gcc_s]
    arg [-lgcc] ==> lib [gcc]
    arg [-lc] ==> lib [c]
    arg [-lgcc_s] ==> lib [gcc_s]
    arg [-lgcc] ==> lib [gcc]
    arg [/home/zhy/opengauss/openGauss-Scale/openGauss-third_party_binarylibs_Centos7.6_x86_64/buildtools/gcc10.3/gcc/bin/../lib/gcc/x86_64-pc-linux-gnu/10.3.0/crtend.o] ==> ignore
    arg [/lib/../lib64/crtn.o] ==> ignore
  collapse library dir [/home/zhy/opengauss/openGauss-Scale/openGauss-third_party_binarylibs_Centos7.6_x86_64/buildtools/gcc10.3/gcc/bin/../lib/gcc/x86_64-pc-linux-gnu/10.3.0] ==> [/home/zhy/opengauss/openGauss-Scale/openGauss-third_party_binarylibs_Centos7.6_x86_64/buildtools/gcc10.3/gcc/lib/gcc/x86_64-pc-linux-gnu/10.3.0]
  collapse library dir [/home/zhy/opengauss/openGauss-Scale/openGauss-third_party_binarylibs_Centos7.6_x86_64/buildtools/gcc10.3/gcc/bin/../lib/gcc] ==> [/home/zhy/opengauss/openGauss-Scale/openGauss-third_party_binarylibs_Centos7.6_x86_64/buildtools/gcc10.3/gcc/lib/gcc]
  collapse library dir [/home/zhy/opengauss/openGauss-Scale/openGauss-third_party_binarylibs_Centos7.6_x86_64/buildtools/gcc10.3/gcc/bin/../lib/gcc/x86_64-pc-linux-gnu/10.3.0/../../../../lib64] ==> [/home/zhy/opengauss/openGauss-Scale/openGauss-third_party_binarylibs_Centos7.6_x86_64/buildtools/gcc10.3/gcc/lib64]
  collapse library dir [/lib/../lib64] ==> [/lib64]
  collapse library dir [/usr/lib/../lib64] ==> [/usr/lib64]
  collapse library dir [/home/zhy/opengauss/openGauss-Scale/openGauss-third_party_binarylibs_Centos7.6_x86_64/buildtools/gcc10.3/gcc/bin/../lib/gcc/x86_64-pc-linux-gnu/10.3.0/../../..] ==> [/home/zhy/opengauss/openGauss-Scale/openGauss-third_party_binarylibs_Centos7.6_x86_64/buildtools/gcc10.3/gcc/lib]
  implicit libs: [stdc++;m;gcc_s;gcc;c;gcc_s;gcc]
  implicit dirs: [/home/zhy/opengauss/openGauss-Scale/openGauss-third_party_binarylibs_Centos7.6_x86_64/buildtools/gcc10.3/gcc/lib/gcc/x86_64-pc-linux-gnu/10.3.0;/home/zhy/opengauss/openGauss-Scale/openGauss-third_party_binarylibs_Centos7.6_x86_64/buildtools/gcc10.3/gcc/lib/gcc;/home/zhy/opengauss/openGauss-Scale/openGauss-third_party_binarylibs_Centos7.6_x86_64/buildtools/gcc10.3/gcc/lib64;/lib64;/usr/lib64;/home/zhy/opengauss/openGauss-Scale/openGauss-third_party_binarylibs_Centos7.6_x86_64/buildtools/gcc10.3/gcc/lib]
  implicit fwks: []


